[2022-06-11T14:25:54.611Z] Remote-Containers 0.238.2 in VS Code 1.68.0 (4af164ea3a06f701fe3e89a2bcbb421d2026b68f).
[2022-06-11T14:25:54.611Z] Start: Resolving Remote
[2022-06-11T14:25:54.621Z] Setting up container for folder or workspace: /Users/fredrik/code/repos/devcontainer
[2022-06-11T14:25:54.623Z] Start: Check Docker is running
[2022-06-11T14:25:54.623Z] Start: Run: docker version --format {{.Server.APIVersion}}
[2022-06-11T14:25:54.701Z] Stop (78 ms): Run: docker version --format {{.Server.APIVersion}}
[2022-06-11T14:25:54.701Z] Server API version: 1.41
[2022-06-11T14:25:54.701Z] Stop (78 ms): Check Docker is running
[2022-06-11T14:25:54.702Z] Start: Run: docker volume ls -q
[2022-06-11T14:25:54.766Z] Stop (64 ms): Run: docker volume ls -q
[2022-06-11T14:25:54.774Z] Start: Run: docker ps -q -a --filter label=vsch.local.folder=/Users/fredrik/code/repos/devcontainer --filter label=vsch.quality=stable
[2022-06-11T14:25:54.851Z] Stop (77 ms): Run: docker ps -q -a --filter label=vsch.local.folder=/Users/fredrik/code/repos/devcontainer --filter label=vsch.quality=stable
[2022-06-11T14:25:54.852Z] Start: Run: docker ps -q -a --filter label=devcontainer.local_folder=/Users/fredrik/code/repos/devcontainer
[2022-06-11T14:25:54.922Z] Stop (70 ms): Run: docker ps -q -a --filter label=devcontainer.local_folder=/Users/fredrik/code/repos/devcontainer
[2022-06-11T14:25:54.923Z] Start: Run: /Applications/Visual Studio Code.app/Contents/Frameworks/Code Helper.app/Contents/MacOS/Code Helper /Users/fredrik/.vscode/extensions/ms-vscode-remote.remote-containers-0.238.2/dist/spec-node/devContainersSpecCLI.js up --user-data-folder /Users/fredrik/Library/Application Support/Code/User/globalStorage/ms-vscode-remote.remote-containers/data --workspace-folder /Users/fredrik/code/repos/devcontainer --workspace-mount-consistency cached --id-label devcontainer.local_folder=/Users/fredrik/code/repos/devcontainer --log-level debug --log-format json --config /Users/fredrik/code/repos/devcontainer/.devcontainer/devcontainer.json --default-user-env-probe loginInteractiveShell --mount type=volume,source=vscode,target=/vscode,external=true --skip-post-create --update-remote-user-uid-default on --mount-workspace-git-root true
[2022-06-11T14:25:55.014Z] remote-containers 0.238.2.
[2022-06-11T14:25:55.014Z] Start: Run: docker buildx version
[2022-06-11T14:25:55.119Z] Stop (105 ms): Run: docker buildx version
[2022-06-11T14:25:55.119Z] Start: Resolving Remote
[2022-06-11T14:25:55.121Z] Start: Run: docker-compose version --short
[2022-06-11T14:25:55.220Z] Stop (99 ms): Run: docker-compose version --short
[2022-06-11T14:25:55.221Z] Start: Run: docker ps -q -a --filter label=com.docker.compose.project=devcontainer --filter label=com.docker.compose.service=hello
[2022-06-11T14:25:55.297Z] Stop (76 ms): Run: docker ps -q -a --filter label=com.docker.compose.project=devcontainer --filter label=com.docker.compose.service=hello
[2022-06-11T14:25:55.298Z] Start: Run: docker-compose -f /Users/fredrik/code/repos/devcontainer/docker-compose.yml -f /Users/fredrik/code/repos/devcontainer/.devcontainer/docker-compose.yml --profile * config
[2022-06-11T14:25:55.396Z] Stop (98 ms): Run: docker-compose -f /Users/fredrik/code/repos/devcontainer/docker-compose.yml -f /Users/fredrik/code/repos/devcontainer/.devcontainer/docker-compose.yml --profile * config
[2022-06-11T14:25:55.396Z] name: devcontainer
services:
  hello:
    build:
      context: /Users/fredrik/code/repos/devcontainer
      dockerfile: Dockerfile
      ssh:
      - default
    command:
    - /bin/sh
    - -c
    - while sleep 1000; do :; done
    networks:
      default: null
    volumes:
    - type: bind
      source: /Users/fredrik/code/repos/devcontainer
      target: /workspace
      bind:
        create_host_path: true
networks:
  default:
    name: devcontainer_default
[2022-06-11T14:25:55.398Z] Start: Run: docker events --format {{json .}} --filter event=start
[2022-06-11T14:25:55.399Z] PersistedPath=/Users/fredrik/Library/Application Support/Code/User/globalStorage/ms-vscode-remote.remote-containers/data, ContainerHasLabels=false
[2022-06-11T14:25:55.399Z] Start: Run: docker-compose -f /Users/fredrik/code/repos/devcontainer/docker-compose.yml -f /Users/fredrik/code/repos/devcontainer/.devcontainer/docker-compose.yml --profile * config
[2022-06-11T14:25:55.497Z] Stop (98 ms): Run: docker-compose -f /Users/fredrik/code/repos/devcontainer/docker-compose.yml -f /Users/fredrik/code/repos/devcontainer/.devcontainer/docker-compose.yml --profile * config
[2022-06-11T14:25:55.497Z] name: devcontainer
services:
  hello:
    build:
      context: /Users/fredrik/code/repos/devcontainer
      dockerfile: Dockerfile
      ssh:
      - default
    command:
    - /bin/sh
    - -c
    - while sleep 1000; do :; done
    networks:
      default: null
    volumes:
    - type: bind
      source: /Users/fredrik/code/repos/devcontainer
      target: /workspace
      bind:
        create_host_path: true
networks:
  default:
    name: devcontainer_default
[2022-06-11T14:25:55.498Z] Start: Run: docker-compose --project-name devcontainer -f /Users/fredrik/code/repos/devcontainer/docker-compose.yml -f /Users/fredrik/code/repos/devcontainer/.devcontainer/docker-compose.yml build
[2022-06-11T14:25:55.799Z] [+] Building 0.0s (0/0)                                                         
[2022-06-11T14:25:55.911Z] [+] Building 0.1s (2/3)                                                         
 => [internal] load build definition from Dockerfile                       0.0s
 => => transferring dockerfile: 150B                                       0.0s
 => [internal] load .dockerignore                                          0.0s
 => => transferring context: 2B                                            0.0s
 => [internal] load metadata for docker.io/library/python:3.10-slim-bulls  0.0s
[2022-06-11T14:25:56.063Z] [+] Building 0.2s (3/4)                                                         
 => [internal] load build definition from Dockerfile                       0.0s
[2022-06-11T14:25:56.063Z]  => => transferring dockerfile: 150B                                       0.0s
 => [internal] load .dockerignore                                          0.0s
 => => transferring context: 2B                                            0.0s
 => [internal] load metadata for docker.io/library/python:3.10-slim-bulls  0.2s
 => [auth] library/python:pull token for registry-1.docker.io              0.0s
[2022-06-11T14:25:56.213Z] [+] Building 0.4s (3/4)                                                         
[2022-06-11T14:25:56.214Z]  => [internal] load build definition from Dockerfile                       0.0s
 => => transferring dockerfile: 150B                                       0.0s
 => [internal] load .dockerignore                                          0.0s
 => => transferring context: 2B                                            0.0s
 => [internal] load metadata for docker.io/library/python:3.10-slim-bulls  0.3s
 => [auth] library/python:pull token for registry-1.docker.io              0.0s
[2022-06-11T14:25:56.364Z] 
[2022-06-11T14:25:56.364Z] [+] Building 0.5s (3/4)                                                         
 => [internal] load build definition from Dockerfile                       0.0s
 => => transferring dockerfile: 150B                                       0.0s
 => [internal] load .dockerignore                                          0.0s
 => => transferring context: 2B                                            0.0s
 => [internal] load metadata for docker.io/library/python:3.10-slim-bulls  0.5s
 => [auth] library/python:pull token for registry-1.docker.io              0.0s
[2022-06-11T14:25:56.514Z] [+] Building 0.7s (3/4)                                                         
 => [internal] load build definition from Dockerfile                       0.0s
 => => transferring dockerfile: 150B                                       0.0s
 => [internal] load .dockerignore                                          0.0s
 => => transferring context: 2B                                            0.0s
[2022-06-11T14:25:56.514Z]  => [internal] load metadata for docker.io/library/python:3.10-slim-bulls  0.6s
 => [auth] library/python:pull token for registry-1.docker.io              0.0s
[2022-06-11T14:25:56.667Z] [+] Building 0.8s (3/4)                                                         
 => [internal] load build definition from Dockerfile                       0.0s
 => => transferring dockerfile: 150B                                       0.0s
 => [internal] load .dockerignore                                          0.0s
 => => transferring context: 2B                                            0.0s
 => [internal] load metadata for docker.io/library/python:3.10-slim-bulls  0.8s
 => [auth] library/python:pull token for registry-1.docker.io              0.0s
[2022-06-11T14:25:56.817Z] [+] Building 1.0s (3/4)                                                         
 => [internal] load build definition from Dockerfile                       0.0s
[2022-06-11T14:25:56.817Z]  => => transferring dockerfile: 150B                                       0.0s
 => [internal] load .dockerignore                                          0.0s
 => => transferring context: 2B                                            0.0s
 => [internal] load metadata for docker.io/library/python:3.10-slim-bulls  0.9s
 => [auth] library/python:pull token for registry-1.docker.io              0.0s
[2022-06-11T14:25:56.968Z] [+] Building 1.1s (3/4)                                                         
 => [internal] load build definition from Dockerfile                       0.0s
 => => transferring dockerfile: 150B                                       0.0s
 => [internal] load .dockerignore                                          0.0s
 => => transferring context: 2B                                            0.0s
[2022-06-11T14:25:56.968Z]  => [internal] load metadata for docker.io/library/python:3.10-slim-bulls  1.1s
 => [auth] library/python:pull token for registry-1.docker.io              0.0s
[2022-06-11T14:25:57.119Z] [+] Building 1.3s (3/4)                                                         
[2022-06-11T14:25:57.119Z]  => [internal] load build definition from Dockerfile                       0.0s
 => => transferring dockerfile: 150B                                       0.0s
 => [internal] load .dockerignore                                          0.0s
 => => transferring context: 2B                                            0.0s
 => [internal] load metadata for docker.io/library/python:3.10-slim-bulls  1.2s
 => [auth] library/python:pull token for registry-1.docker.io              0.0s
[2022-06-11T14:25:57.270Z] [+] Building 1.4s (3/4)                                                         
 => [internal] load build definition from Dockerfile                       0.0s
[2022-06-11T14:25:57.270Z]  => => transferring dockerfile: 150B                                       0.0s
 => [internal] load .dockerignore                                          0.0s
 => => transferring context: 2B                                            0.0s
 => [internal] load metadata for docker.io/library/python:3.10-slim-bulls  1.4s
 => [auth] library/python:pull token for registry-1.docker.io              0.0s
[2022-06-11T14:25:57.421Z] [+] Building 1.6s (3/4)                                                         
 => [internal] load build definition from Dockerfile                       0.0s
 => => transferring dockerfile: 150B                                       0.0s
 => [internal] load .dockerignore                                          0.0s
 => => transferring context: 2B                                            0.0s
 => [internal] load metadata for docker.io/library/python:3.10-slim-bulls  1.5s
 => [auth] library/python:pull token for registry-1.docker.io              0.0s
[2022-06-11T14:25:57.571Z] [+] Building 1.7s (3/4)                                                         
 => [internal] load build definition from Dockerfile                       0.0s
 => => transferring dockerfile: 150B                                       0.0s
 => [internal] load .dockerignore                                          0.0s
 => => transferring context: 2B                                            0.0s
[2022-06-11T14:25:57.572Z]  => [internal] load metadata for docker.io/library/python:3.10-slim-bulls  1.7s
 => [auth] library/python:pull token for registry-1.docker.io              0.0s
[2022-06-11T14:25:57.728Z] [+] Building 1.9s (3/4)                                                         
 => [internal] load build definition from Dockerfile                       0.0s
 => => transferring dockerfile: 150B                                       0.0s
 => [internal] load .dockerignore                                          0.0s
 => => transferring context: 2B                                            0.0s
 => [internal] load metadata for docker.io/library/python:3.10-slim-bulls  1.8s
 => [auth] library/python:pull token for registry-1.docker.io              0.0s
[2022-06-11T14:25:57.877Z] [+] Building 2.0s (3/4)                                                         
 => [internal] load build definition from Dockerfile                       0.0s
[2022-06-11T14:25:57.877Z]  => => transferring dockerfile: 150B                                       0.0s
 => [internal] load .dockerignore                                          0.0s
 => => transferring context: 2B                                            0.0s
 => [internal] load metadata for docker.io/library/python:3.10-slim-bulls  2.0s
 => [auth] library/python:pull token for registry-1.docker.io              0.0s
[2022-06-11T14:25:58.028Z] [+] Building 2.2s (3/4)                                                         
 => [internal] load build definition from Dockerfile                       0.0s
 => => transferring dockerfile: 150B                                       0.0s
 => [internal] load .dockerignore                                          0.0s
 => => transferring context: 2B                                            0.0s
[2022-06-11T14:25:58.028Z]  => [internal] load metadata for docker.io/library/python:3.10-slim-bulls  2.1s
 => [auth] library/python:pull token for registry-1.docker.io              0.0s
[2022-06-11T14:25:58.133Z] [+] Building 2.3s (5/8)                                                         
 => [internal] load build definition from Dockerfile                       0.0s
 => => transferring dockerfile: 150B                                       0.0s
 => [internal] load .dockerignore                                          0.0s
 => => transferring context: 2B                                            0.0s
 => [internal] load metadata for docker.io/library/python:3.10-slim-bulls  2.2s
 => [auth] library/python:pull token for registry-1.docker.io              0.0s
 => [1/3] FROM docker.io/library/python:3.10-slim-bullseye@sha256:ca78039  0.0s
 => => resolve docker.io/library/python:3.10-slim-bullseye@sha256:ca78039  0.0s
 => [internal] load build context                                          0.0s
 => => transferring context: 50B                                           0.0s
[2022-06-11T14:25:58.241Z] [+] Building 2.4s (8/8)                                                         
 => [internal] load build definition from Dockerfile                       0.0s
 => => transferring dockerfile: 150B                                       0.0s
 => [internal] load .dockerignore                                          0.0s
 => => transferring context: 2B                                            0.0s
 => [internal] load metadata for docker.io/library/python:3.10-slim-bulls  2.2s
 => [auth] library/python:pull token for registry-1.docker.io              0.0s
 => [1/3] FROM docker.io/library/python:3.10-slim-bullseye@sha256:ca78039  0.1s
 => => resolve docker.io/library/python:3.10-slim-bullseye@sha256:ca78039  0.0s
 => => sha256:ca78039cbd3772addb9179953bbf8fe71b50d4824b1 1.86kB / 1.86kB  0.0s
 => => sha256:02b2117929b6a8a556491349644a638fd338a9a44b2 1.37kB / 1.37kB
[2022-06-11T14:25:58.241Z]   0.0s
 => => sha256:90d8c409ab549e73b9bf9a113ae9d4f068cf399586a 7.51kB / 7.51kB  0.0s
 => [internal] load build context                                          0.0s
 => => transferring context: 50B                                           0.0s
 => [2/3] WORKDIR /workspace                                               0.0s
 => [3/3] COPY script.py .                                                 0.0s
[2022-06-11T14:25:58.260Z] [+] Building 2.4s (9/9) FINISHED                                                
 => [internal] load build definition from Dockerfile                       0.0s
 => => transferring dockerfile: 150B                                       0.0s
 => [internal] load .dockerignore                                          0.0s
 => => transferring context: 2B                                            0.0s
 => [internal] load metadata for docker.io/library/python:3.10-slim-bulls  2.2s
 => [auth] library/python:pull token for registry-1.docker.io              0.0s
[2022-06-11T14:25:58.260Z]  => [1/3] FROM docker.io/library/python:3.10-slim-bullseye@sha256:ca78039  0.1s
 => => resolve docker.io/library/python:3.10-slim-bullseye@sha256:ca78039  0.0s
 => => sha256:ca78039cbd3772addb9179953bbf8fe71b50d4824b1 1.86kB / 1.86kB  0.0s
 => => sha256:02b2117929b6a8a556491349644a638fd338a9a44b2 1.37kB / 1.37kB  0.0s
 => => sha256:90d8c409ab549e73b9bf9a113ae9d4f068cf399586a 7.51kB / 7.51kB  0.0s
 => [internal] load build context                                          0.0s
 => => transferring context: 50B                                           0.0s
 => [2/3] WORKDIR /workspace                                               0.0s
 => [3/3] COPY script.py .                                                 0.0s
 => exporting to image                                                     0.0s
 => => exporting layers                                                    0.0s
 => => writing image sha256:1
[2022-06-11T14:25:58.261Z] 66f161e768e71589cef84c6f6e81523cfe3b856829ac  0.0s
 => => naming to docker.io/library/devcontainer_hello                      0.0s
[2022-06-11T14:25:58.322Z] 
Use 'docker scan' to run Snyk tests against images to find vulnerabilities and learn how to fix them
[2022-06-11T14:25:58.327Z] Stop (2829 ms): Run: docker-compose --project-name devcontainer -f /Users/fredrik/code/repos/devcontainer/docker-compose.yml -f /Users/fredrik/code/repos/devcontainer/.devcontainer/docker-compose.yml build
[2022-06-11T14:25:58.327Z] Start: Run: docker inspect --type image devcontainer_hello
[2022-06-11T14:25:58.382Z] Stop (55 ms): Run: docker inspect --type image devcontainer_hello
[2022-06-11T14:25:58.382Z] Writing docker-compose.devcontainer.containerFeatures-1654957558382.yml to /Users/fredrik/Library/Application Support/Code/User/globalStorage/ms-vscode-remote.remote-containers/data/docker-compose
[2022-06-11T14:25:58.383Z] Start: Run: docker-compose --project-name devcontainer -f /Users/fredrik/code/repos/devcontainer/docker-compose.yml -f /Users/fredrik/code/repos/devcontainer/.devcontainer/docker-compose.yml -f /Users/fredrik/Library/Application Support/Code/User/globalStorage/ms-vscode-remote.remote-containers/data/docker-compose/docker-compose.devcontainer.containerFeatures-1654957558382.yml up -d
[2022-06-11T14:25:58.625Z] [+] Running 2/0
 ⠿ Network devcontainer_default    Creat...                                0.0s
 ⠿ Container devcontainer-hello-1  Cre...                                  0.0s
[2022-06-11T14:25:58.726Z] [+] Running 1/2
[2022-06-11T14:25:58.726Z]  ⠿ Network devcontainer_default    Creat...                                0.0s
 ⠿ Container devcontainer-hello-1  Sta...                                  0.1s
[2022-06-11T14:25:58.800Z] [+] Running 2/2
 ⠿ Network devcontainer_default    Creat...                                0.0s
 ⠿ Container devcontainer-hello-1  Sta...                                  0.2s
[2022-06-11T14:25:58.804Z] Stop (421 ms): Run: docker-compose --project-name devcontainer -f /Users/fredrik/code/repos/devcontainer/docker-compose.yml -f /Users/fredrik/code/repos/devcontainer/.devcontainer/docker-compose.yml -f /Users/fredrik/Library/Application Support/Code/User/globalStorage/ms-vscode-remote.remote-containers/data/docker-compose/docker-compose.devcontainer.containerFeatures-1654957558382.yml up -d
[2022-06-11T14:25:58.805Z] Start: Run: docker ps -q -a --filter label=com.docker.compose.project=devcontainer --filter label=com.docker.compose.service=hello
[2022-06-11T14:25:58.862Z] Stop (57 ms): Run: docker ps -q -a --filter label=com.docker.compose.project=devcontainer --filter label=com.docker.compose.service=hello
[2022-06-11T14:25:58.862Z] Start: Run: docker inspect --type container 9d91a349f578
[2022-06-11T14:25:58.919Z] Stop (57 ms): Run: docker inspect --type container 9d91a349f578
[2022-06-11T14:25:58.919Z] Start: Inspecting container
[2022-06-11T14:25:58.919Z] Start: Run: docker inspect --type container 9d91a349f578dece8898082f064dd5a05a79120beda654e44363a32b24e8de73
[2022-06-11T14:25:58.989Z] Stop (70 ms): Run: docker inspect --type container 9d91a349f578dece8898082f064dd5a05a79120beda654e44363a32b24e8de73
[2022-06-11T14:25:58.989Z] Stop (70 ms): Inspecting container
[2022-06-11T14:25:58.990Z] Start: Run in container: /bin/sh
[2022-06-11T14:25:58.991Z] Start: Run in container: uname -m
[2022-06-11T14:25:59.050Z] Stop (60 ms): Run in container: /bin/sh
[2022-06-11T14:25:59.051Z] Shell server terminated (code: 1, signal: null)
[2022-06-11T14:25:59.051Z] Error response from daemon: Container 9d91a349f578dece8898082f064dd5a05a79120beda654e44363a32b24e8de73 is not running
[2022-06-11T14:25:59.051Z] Start: Run in container: cat /etc/passwd
[2022-06-11T14:25:59.051Z] Stdin closed!
[2022-06-11T14:25:59.051Z] Error: An error occurred setting up the container.
[2022-06-11T14:25:59.052Z]     at PR (/Users/fredrik/.vscode/extensions/ms-vscode-remote.remote-containers-0.238.2/dist/spec-node/devContainersSpecCLI.js:188:2577)
[2022-06-11T14:25:59.052Z]     at processTicksAndRejections (node:internal/process/task_queues:96:5)
[2022-06-11T14:25:59.052Z]     at async zR (/Users/fredrik/.vscode/extensions/ms-vscode-remote.remote-containers-0.238.2/dist/spec-node/devContainersSpecCLI.js:245:2177)
[2022-06-11T14:25:59.052Z]     at async nb (/Users/fredrik/.vscode/extensions/ms-vscode-remote.remote-containers-0.238.2/dist/spec-node/devContainersSpecCLI.js:245:3110)
[2022-06-11T14:25:59.052Z]     at async JR (/Users/fredrik/.vscode/extensions/ms-vscode-remote.remote-containers-0.238.2/dist/spec-node/devContainersSpecCLI.js:245:13046)
[2022-06-11T14:25:59.052Z]     at async KR (/Users/fredrik/.vscode/extensions/ms-vscode-remote.remote-containers-0.238.2/dist/spec-node/devContainersSpecCLI.js:245:12802)
[2022-06-11T14:25:59.053Z] Stop (4130 ms): Run: /Applications/Visual Studio Code.app/Contents/Frameworks/Code Helper.app/Contents/MacOS/Code Helper /Users/fredrik/.vscode/extensions/ms-vscode-remote.remote-containers-0.238.2/dist/spec-node/devContainersSpecCLI.js up --user-data-folder /Users/fredrik/Library/Application Support/Code/User/globalStorage/ms-vscode-remote.remote-containers/data --workspace-folder /Users/fredrik/code/repos/devcontainer --workspace-mount-consistency cached --id-label devcontainer.local_folder=/Users/fredrik/code/repos/devcontainer --log-level debug --log-format json --config /Users/fredrik/code/repos/devcontainer/.devcontainer/devcontainer.json --default-user-env-probe loginInteractiveShell --mount type=volume,source=vscode,target=/vscode,external=true --skip-post-create --update-remote-user-uid-default on --mount-workspace-git-root true
[2022-06-11T14:25:59.053Z] Exit code 1
[2022-06-11T14:25:59.054Z] Command failed: /Applications/Visual Studio Code.app/Contents/Frameworks/Code Helper.app/Contents/MacOS/Code Helper /Users/fredrik/.vscode/extensions/ms-vscode-remote.remote-containers-0.238.2/dist/spec-node/devContainersSpecCLI.js up --user-data-folder /Users/fredrik/Library/Application Support/Code/User/globalStorage/ms-vscode-remote.remote-containers/data --workspace-folder /Users/fredrik/code/repos/devcontainer --workspace-mount-consistency cached --id-label devcontainer.local_folder=/Users/fredrik/code/repos/devcontainer --log-level debug --log-format json --config /Users/fredrik/code/repos/devcontainer/.devcontainer/devcontainer.json --default-user-env-probe loginInteractiveShell --mount type=volume,source=vscode,target=/vscode,external=true --skip-post-create --update-remote-user-uid-default on --mount-workspace-git-root true
[2022-06-11T14:25:59.054Z] Exit code 1
